<?xml version="1.0" encoding="UTF-8"?>
<testsuite xmlns:xsi="http://www.w3.org/2001/XMLSchema-instance" xsi:noNamespaceSchemaLocation="https://maven.apache.org/surefire/maven-surefire-plugin/xsd/surefire-test-report-3.0.xsd" version="3.0" name="cqu.wis.roles.WhiskeyDataManagerTest" time="0.63" tests="9" errors="0" skipped="0" failures="0">
  <properties>
[...]
</properties>
  <testcase name="testFindMaltsInAgeRangeValidRange" classname="cqu.wis.roles.WhiskeyDataManagerTest" time="0.513"/>
  <testcase name="nextWithOneRecordTest" classname="cqu.wis.roles.WhiskeyDataManagerTest" time="0.018"/>
  <testcase name="testFindMaltsInAgeRangeNoResults" classname="cqu.wis.roles.WhiskeyDataManagerTest" time="0.034"/>
  <testcase name="previousWithTwoRecordsCyclesCorrect" classname="cqu.wis.roles.WhiskeyDataManagerTest" time="0.001"/>
  <testcase name="testFindMaltsFromRegionKnownRegion" classname="cqu.wis.roles.WhiskeyDataManagerTest" time="0.021"/>
  <testcase name="testFindMaltsFromRegionNoMatches" classname="cqu.wis.roles.WhiskeyDataManagerTest" time="0.021"/>
  <testcase name="previousWithNoRecordsTest" classname="cqu.wis.roles.WhiskeyDataManagerTest" time="0.001"/>
  <testcase name="nextWithNoRecordsTest" classname="cqu.wis.roles.WhiskeyDataManagerTest" time="0.001"/>
  <testcase name="nextWithTwoRecordsCyclesCorrect" classname="cqu.wis.roles.WhiskeyDataManagerTest" time="0.0"/>
</testsuite>