<?xml version="1.0" encoding="UTF-8"?>
<testsuite xmlns:xsi="http://www.w3.org/2001/XMLSchema-instance" xsi:noNamespaceSchemaLocation="https://maven.apache.org/surefire/maven-surefire-plugin/xsd/surefire-test-report-3.0.xsd" version="3.0" name="cqu.wis.roles.UserDataValidatorTest" time="0.094" tests="21" errors="0" skipped="0" failures="0">
  <properties>
[...]
</properties>
  <testcase name="testCheckForFieldsPresentThreeEmpty" classname="cqu.wis.roles.UserDataValidatorTest" time="0.029"/>
  <testcase name="testCheckForFieldsPresentThreeValid" classname="cqu.wis.roles.UserDataValidatorTest" time="0.001"/>
  <testcase name="testCheckNewDetailsSamePassword" classname="cqu.wis.roles.UserDataValidatorTest" time="0.023"/>
  <testcase name="testCheckCurrentDetailsWrongPassword" classname="cqu.wis.roles.UserDataValidatorTest" time="0.001"/>
  <testcase name="testCheckCurrentDetailsNonDefaultPassword" classname="cqu.wis.roles.UserDataValidatorTest" time="0.001"/>
  <testcase name="testCheckForFieldsPresentPasswordEmpty" classname="cqu.wis.roles.UserDataValidatorTest" time="0.0"/>
  <testcase name="testCheckNewDetailsMissingLowercase" classname="cqu.wis.roles.UserDataValidatorTest" time="0.002"/>
  <testcase name="testCheckForFieldsPresentBothEmpty" classname="cqu.wis.roles.UserDataValidatorTest" time="0.0"/>
  <testcase name="testCheckNewDetailsMissingUppercase" classname="cqu.wis.roles.UserDataValidatorTest" time="0.001"/>
  <testcase name="testCheckNewDetailsMissingNumber" classname="cqu.wis.roles.UserDataValidatorTest" time="0.001"/>
  <testcase name="testCheckForFieldsPresentValid" classname="cqu.wis.roles.UserDataValidatorTest" time="0.001"/>
  <testcase name="testCheckCurrentDetailsEncryptedPasswordWrong" classname="cqu.wis.roles.UserDataValidatorTest" time="0.001"/>
  <testcase name="testCheckNewDetailsWeakPassword" classname="cqu.wis.roles.UserDataValidatorTest" time="0.0"/>
  <testcase name="testCheckNewDetailsMissingSpecialChar" classname="cqu.wis.roles.UserDataValidatorTest" time="0.002"/>
  <testcase name="testCheckNewDetailsUsernameMismatch" classname="cqu.wis.roles.UserDataValidatorTest" time="0.0"/>
  <testcase name="testCheckCurrentDetailsWrongUsername" classname="cqu.wis.roles.UserDataValidatorTest" time="0.0"/>
  <testcase name="testCheckCurrentDetailsEnteredUsernameEmpty" classname="cqu.wis.roles.UserDataValidatorTest" time="0.001"/>
  <testcase name="testCheckNewDetailsValidPasswordChange" classname="cqu.wis.roles.UserDataValidatorTest" time="0.001"/>
  <testcase name="testCheckCurrentDetailsUserNotFound" classname="cqu.wis.roles.UserDataValidatorTest" time="0.0"/>
  <testcase name="testCheckForFieldsPresentNewPasswordMissing" classname="cqu.wis.roles.UserDataValidatorTest" time="0.001"/>
  <testcase name="testCheckCurrentDetailsValidDefaultPassword" classname="cqu.wis.roles.UserDataValidatorTest" time="0.0"/>
</testsuite>